<?xml version="1.0" encoding="UTF-8"?>
<testng-results skipped="0" failed="0" ignored="0" total="1" passed="1">
  <reporter-output>
  </reporter-output>
  <suite name="Command line suite" duration-ms="39526" started-at="2022-01-29T12:40:29Z" finished-at="2022-01-29T12:41:08Z">
    <groups>
      <group name="SMOKE">
        <method signature="E2ETest.e2eTest()[pri:0, instance:testCases.E2ETest@6df97b55]" name="e2eTest" class="testCases.E2ETest"/>
      </group> <!-- SMOKE -->
    </groups>
    <test name="Command line test" duration-ms="39526" started-at="2022-01-29T12:40:29Z" finished-at="2022-01-29T12:41:08Z">
      <class name="testCases.E2ETest">
        <test-method status="PASS" signature="beforeMethod()[pri:0, instance:testCases.E2ETest@6df97b55]" name="beforeMethod" is-config="true" duration-ms="2430" started-at="2022-01-29T12:40:29Z" finished-at="2022-01-29T12:40:31Z">
          <reporter-output>
          </reporter-output>
        </test-method> <!-- beforeMethod -->
        <test-method status="PASS" signature="e2eTest()[pri:0, instance:testCases.E2ETest@6df97b55]" name="e2eTest" duration-ms="37069" started-at="2022-01-29T12:40:31Z" finished-at="2022-01-29T12:41:08Z">
          <reporter-output>
          </reporter-output>
        </test-method> <!-- e2eTest -->
        <test-method status="PASS" signature="afterMethod(org.testng.ITestResult)[pri:0, instance:testCases.E2ETest@6df97b55]" name="afterMethod" is-config="true" duration-ms="4" started-at="2022-01-29T12:41:08Z" finished-at="2022-01-29T12:41:08Z">
          <params>
            <param index="0">
              <value>
                <![CDATA[[TestResult name=e2eTest status=SUCCESS method=E2ETest.e2eTest()[pri:0, instance:testCases.E2ETest@6df97b55] output={null}]]]>
              </value>
            </param>
          </params>
          <reporter-output>
          </reporter-output>
        </test-method> <!-- afterMethod -->
      </class> <!-- testCases.E2ETest -->
    </test> <!-- Command line test -->
  </suite> <!-- Command line suite -->
</testng-results>
