<?xml version="1.0" encoding="UTF-8"?>
<testng-results skipped="0" failed="0" ignored="0" total="1" passed="1">
  <reporter-output>
  </reporter-output>
  <suite name="Default suite" duration-ms="36555" started-at="2022-01-29T04:33:10 IST" finished-at="2022-01-29T04:33:46 IST">
    <groups>
      <group name="SMOKE">
        <method signature="LoginTestCase.loginWithCorrectData()[pri:0, instance:testCases.LoginTestCase@58c1670b]" name="loginWithCorrectData" class="testCases.LoginTestCase"/>
      </group> <!-- SMOKE -->
    </groups>
    <test name="Default test" duration-ms="36555" started-at="2022-01-29T04:33:10 IST" finished-at="2022-01-29T04:33:46 IST">
      <class name="testCases.LoginTestCase">
        <test-method status="PASS" signature="beforeMethod()[pri:0, instance:testCases.LoginTestCase@58c1670b]" name="beforeMethod" is-config="true" duration-ms="2476" started-at="2022-01-29T04:33:10 IST" finished-at="2022-01-29T04:33:12 IST">
          <reporter-output>
          </reporter-output>
        </test-method> <!-- beforeMethod -->
        <test-method status="PASS" signature="loginWithCorrectData()[pri:0, instance:testCases.LoginTestCase@58c1670b]" name="loginWithCorrectData" duration-ms="33294" started-at="2022-01-29T04:33:12 IST" finished-at="2022-01-29T04:33:46 IST">
          <reporter-output>
          </reporter-output>
        </test-method> <!-- loginWithCorrectData -->
        <test-method status="PASS" signature="afterMethod(org.testng.ITestResult)[pri:0, instance:testCases.LoginTestCase@58c1670b]" name="afterMethod" is-config="true" duration-ms="750" started-at="2022-01-29T04:33:46 IST" finished-at="2022-01-29T04:33:46 IST">
          <params>
            <param index="0">
              <value>
                <![CDATA[[TestResult name=loginWithCorrectData status=SUCCESS method=LoginTestCase.loginWithCorrectData()[pri:0, instance:testCases.LoginTestCase@58c1670b] output={null}]]]>
              </value>
            </param>
          </params>
          <reporter-output>
          </reporter-output>
        </test-method> <!-- afterMethod -->
      </class> <!-- testCases.LoginTestCase -->
    </test> <!-- Default test -->
  </suite> <!-- Default suite -->
</testng-results>
